<?xml version="1.0" encoding="UTF-8"?>
<!-- Generated by org.testng.reporters.JUnitReportReporter -->
<testsuite hostname="DESKTOP-H92AA89" failures="0" tests="1" name="tests.LoginTest" time="19.092" errors="0" timestamp="2023-02-09T17:06:24 IST" skipped="0">
  <testcase classname="tests.LoginTest" name="verifyLogin" time="19.092"/>
  <system-out/>
</testsuite> <!-- tests.LoginTest -->
